<?xml version="1.0" encoding="UTF-8"?>
<testsuite name="net.masterthought.dlanguage.parser.DLanguageParserTest" tests="500" skipped="0" failures="0" errors="0" timestamp="2016-07-20T17:49:07" hostname="serial.home" time="8.19">
  <properties/>
  <testcase name="testdeclaration_alias2" classname="net.masterthought.dlanguage.parser.DLanguageParserTest" time="0.261"/>
  <testcase name="testdeclaration_alias3" classname="net.masterthought.dlanguage.parser.DLanguageParserTest" time="0.057"/>
  <testcase name="testtraits_istemplate" classname="net.masterthought.dlanguage.parser.DLanguageParserTest" time="0.043"/>
  <testcase name="testtemplates_function_templates" classname="net.masterthought.dlanguage.parser.DLanguageParserTest" time="0.087"/>
  <testcase name="testfunctions_properties" classname="net.masterthought.dlanguage.parser.DLanguageParserTest" time="0.028"/>
  <testcase name="testimport" classname="net.masterthought.dlanguage.parser.DLanguageParserTest" time="0.028"/>
  <testcase name="testdeclaration_extern" classname="net.masterthought.dlanguage.parser.DLanguageParserTest" time="0.012"/>
  <testcase name="teststatements_foreach_templated" classname="net.masterthought.dlanguage.parser.DLanguageParserTest" time="0.043"/>
  <testcase name="testbug_assoc_array" classname="net.masterthought.dlanguage.parser.DLanguageParserTest" time="0.026"/>
  <testcase name="testdeclaration1" classname="net.masterthought.dlanguage.parser.DLanguageParserTest" time="0.022"/>
  <testcase name="testfunctions_variadic_typesafe" classname="net.masterthought.dlanguage.parser.DLanguageParserTest" time="0.086"/>
  <testcase name="testtraits_issame" classname="net.masterthought.dlanguage.parser.DLanguageParserTest" time="0.032"/>
  <testcase name="teststatements_foreach" classname="net.masterthought.dlanguage.parser.DLanguageParserTest" time="0.013"/>
  <testcase name="testmodule_scope" classname="net.masterthought.dlanguage.parser.DLanguageParserTest" time="0.017"/>
  <testcase name="testinterfaces_cplus" classname="net.masterthought.dlanguage.parser.DLanguageParserTest" time="0.008"/>
  <testcase name="testunittests" classname="net.masterthought.dlanguage.parser.DLanguageParserTest" time="0.061"/>
  <testcase name="testarrays_operations" classname="net.masterthought.dlanguage.parser.DLanguageParserTest" time="0.025"/>
  <testcase name="testfunctions_auto_ref" classname="net.masterthought.dlanguage.parser.DLanguageParserTest" time="0.025"/>
  <testcase name="testexpressions_assert" classname="net.masterthought.dlanguage.parser.DLanguageParserTest" time="0.007"/>
  <testcase name="testtype_delegates2" classname="net.masterthought.dlanguage.parser.DLanguageParserTest" time="0.007"/>
  <testcase name="testtype_delegates3" classname="net.masterthought.dlanguage.parser.DLanguageParserTest" time="0.008"/>
  <testcase name="testtype_delegates4" classname="net.masterthought.dlanguage.parser.DLanguageParserTest" time="0.018"/>
  <testcase name="testfunctions_default_args" classname="net.masterthought.dlanguage.parser.DLanguageParserTest" time="0.008"/>
  <testcase name="testattributes_extern" classname="net.masterthought.dlanguage.parser.DLanguageParserTest" time="0.007"/>
  <testcase name="testexpressions_in" classname="net.masterthought.dlanguage.parser.DLanguageParserTest" time="0.01"/>
  <testcase name="testexpressions_is" classname="net.masterthought.dlanguage.parser.DLanguageParserTest" time="0.124"/>
  <testcase name="testtemplates_alias_params" classname="net.masterthought.dlanguage.parser.DLanguageParserTest" time="0.033"/>
  <testcase name="testtemplates_limitation" classname="net.masterthought.dlanguage.parser.DLanguageParserTest" time="0.024"/>
  <testcase name="testarrays_function_properties" classname="net.masterthought.dlanguage.parser.DLanguageParserTest" time="0.013"/>
  <testcase name="testdeclaration_typeof" classname="net.masterthought.dlanguage.parser.DLanguageParserTest" time="0.028"/>
  <testcase name="testarrays_setting" classname="net.masterthought.dlanguage.parser.DLanguageParserTest" time="0.022"/>
  <testcase name="teststructs_nested" classname="net.masterthought.dlanguage.parser.DLanguageParserTest" time="0.016"/>
  <testcase name="testtraits_getattributes" classname="net.masterthought.dlanguage.parser.DLanguageParserTest" time="0.013"/>
  <testcase name="teststatements_block" classname="net.masterthought.dlanguage.parser.DLanguageParserTest" time="0.014"/>
  <testcase name="teststatements_break" classname="net.masterthought.dlanguage.parser.DLanguageParserTest" time="0.016"/>
  <testcase name="testexpressions_import" classname="net.masterthought.dlanguage.parser.DLanguageParserTest" time="0.009"/>
  <testcase name="teststatements_mixin" classname="net.masterthought.dlanguage.parser.DLanguageParserTest" time="0.019"/>
  <testcase name="testoperator_overloading" classname="net.masterthought.dlanguage.parser.DLanguageParserTest" time="0.289"/>
  <testcase name="testasm" classname="net.masterthought.dlanguage.parser.DLanguageParserTest" time="0.081"/>
  <testcase name="teststatements_scope" classname="net.masterthought.dlanguage.parser.DLanguageParserTest" time="0.068"/>
  <testcase name="teststatements_throw" classname="net.masterthought.dlanguage.parser.DLanguageParserTest" time="0.021"/>
  <testcase name="testproperties_stringof" classname="net.masterthought.dlanguage.parser.DLanguageParserTest" time="0.02"/>
  <testcase name="teststatements_while" classname="net.masterthought.dlanguage.parser.DLanguageParserTest" time="0.015"/>
  <testcase name="testinterfaces_com" classname="net.masterthought.dlanguage.parser.DLanguageParserTest" time="0.016"/>
  <testcase name="testtraits_getpointerbitmap" classname="net.masterthought.dlanguage.parser.DLanguageParserTest" time="0.014"/>
  <testcase name="testexpressions_new" classname="net.masterthought.dlanguage.parser.DLanguageParserTest" time="0.029"/>
  <testcase name="testtemplates_typed_params" classname="net.masterthought.dlanguage.parser.DLanguageParserTest" time="0.008"/>
  <testcase name="testexpressions_lambda" classname="net.masterthought.dlanguage.parser.DLanguageParserTest" time="0.022"/>
  <testcase name="testattributes_disabled" classname="net.masterthought.dlanguage.parser.DLanguageParserTest" time="0.007"/>
  <testcase name="testconditional_compilation" classname="net.masterthought.dlanguage.parser.DLanguageParserTest" time="0.039"/>
  <testcase name="testfunctions_inout" classname="net.masterthought.dlanguage.parser.DLanguageParserTest" time="0.043"/>
  <testcase name="testarrays_dynamic" classname="net.masterthought.dlanguage.parser.DLanguageParserTest" time="0.006"/>
  <testcase name="testfunctions_variadic_lazy" classname="net.masterthought.dlanguage.parser.DLanguageParserTest" time="0.016"/>
  <testcase name="teststructs_shared" classname="net.masterthought.dlanguage.parser.DLanguageParserTest" time="0.014"/>
  <testcase name="testexpressions_string_literal" classname="net.masterthought.dlanguage.parser.DLanguageParserTest" time="0.018"/>
  <testcase name="testtype_delegates" classname="net.masterthought.dlanguage.parser.DLanguageParserTest" time="0.007"/>
  <testcase name="testclasses_members" classname="net.masterthought.dlanguage.parser.DLanguageParserTest" time="0.01"/>
  <testcase name="testarrays_slicing" classname="net.masterthought.dlanguage.parser.DLanguageParserTest" time="0.024"/>
  <testcase name="teststructs_constructors" classname="net.masterthought.dlanguage.parser.DLanguageParserTest" time="0.026"/>
  <testcase name="teststatements_foreach_reverse" classname="net.masterthought.dlanguage.parser.DLanguageParserTest" time="0.008"/>
  <testcase name="testdeclaration_type_storage1" classname="net.masterthought.dlanguage.parser.DLanguageParserTest" time="0.014"/>
  <testcase name="testdeclaration_type_storage2" classname="net.masterthought.dlanguage.parser.DLanguageParserTest" time="0.015"/>
  <testcase name="testdeclaration_type_storage3" classname="net.masterthought.dlanguage.parser.DLanguageParserTest" time="0.008"/>
  <testcase name="testdeclaration_type_storage4" classname="net.masterthought.dlanguage.parser.DLanguageParserTest" time="0.011"/>
  <testcase name="testclasses_destructors" classname="net.masterthought.dlanguage.parser.DLanguageParserTest" time="0.009"/>
  <testcase name="testarrays_rectangular" classname="net.masterthought.dlanguage.parser.DLanguageParserTest" time="0.009"/>
  <testcase name="testclasses_deallocators" classname="net.masterthought.dlanguage.parser.DLanguageParserTest" time="0.01"/>
  <testcase name="testclasses" classname="net.masterthought.dlanguage.parser.DLanguageParserTest" time="0.005"/>
  <testcase name="testtraits_hasmember" classname="net.masterthought.dlanguage.parser.DLanguageParserTest" time="0.012"/>
  <testcase name="testattributes_static" classname="net.masterthought.dlanguage.parser.DLanguageParserTest" time="0.011"/>
  <testcase name="testenums" classname="net.masterthought.dlanguage.parser.DLanguageParserTest" time="0.016"/>
  <testcase name="testassocarrays_constructor" classname="net.masterthought.dlanguage.parser.DLanguageParserTest" time="0.047"/>
  <testcase name="testattributes_traits" classname="net.masterthought.dlanguage.parser.DLanguageParserTest" time="0.015"/>
  <testcase name="testexpressions_scalar" classname="net.masterthought.dlanguage.parser.DLanguageParserTest" time="0.01"/>
  <testcase name="testtraits_isarithmetic" classname="net.masterthought.dlanguage.parser.DLanguageParserTest" time="0.013"/>
  <testcase name="testbug_try_catch" classname="net.masterthought.dlanguage.parser.DLanguageParserTest" time="0.094"/>
  <testcase name="testfunctions_ref" classname="net.masterthought.dlanguage.parser.DLanguageParserTest" time="0.006"/>
  <testcase name="teststatements_return" classname="net.masterthought.dlanguage.parser.DLanguageParserTest" time="0.004"/>
  <testcase name="testattributes_override" classname="net.masterthought.dlanguage.parser.DLanguageParserTest" time="0.006"/>
  <testcase name="testarrays_concatenation" classname="net.masterthought.dlanguage.parser.DLanguageParserTest" time="0.006"/>
  <testcase name="testdeclaration_void" classname="net.masterthought.dlanguage.parser.DLanguageParserTest" time="0.006"/>
  <testcase name="teststatements_switch" classname="net.masterthought.dlanguage.parser.DLanguageParserTest" time="0.01"/>
  <testcase name="testexpressions_associative_array_literal" classname="net.masterthought.dlanguage.parser.DLanguageParserTest" time="0.006"/>
  <testcase name="teststatements_foreach_ref_params" classname="net.masterthought.dlanguage.parser.DLanguageParserTest" time="0.011"/>
  <testcase name="testexpressions_cast_float" classname="net.masterthought.dlanguage.parser.DLanguageParserTest" time="0.012"/>
  <testcase name="testfunctions_virtual" classname="net.masterthought.dlanguage.parser.DLanguageParserTest" time="0.028"/>
  <testcase name="testattributes_namespaces" classname="net.masterthought.dlanguage.parser.DLanguageParserTest" time="0.01"/>
  <testcase name="testtraits_special_keywords" classname="net.masterthought.dlanguage.parser.DLanguageParserTest" time="0.015"/>
  <testcase name="testtemplates_variable" classname="net.masterthought.dlanguage.parser.DLanguageParserTest" time="0.009"/>
  <testcase name="testassocarrays_classes" classname="net.masterthought.dlanguage.parser.DLanguageParserTest" time="0.008"/>
  <testcase name="testclasses_field_properties" classname="net.masterthought.dlanguage.parser.DLanguageParserTest" time="0.007"/>
  <testcase name="testtemplates_instant_scope" classname="net.masterthought.dlanguage.parser.DLanguageParserTest" time="0.01"/>
  <testcase name="testmodule1" classname="net.masterthought.dlanguage.parser.DLanguageParserTest" time="0.004"/>
  <testcase name="testmodule2" classname="net.masterthought.dlanguage.parser.DLanguageParserTest" time="0.004"/>
  <testcase name="testarrays_printf_c" classname="net.masterthought.dlanguage.parser.DLanguageParserTest" time="0.013"/>
  <testcase name="testattributes_private" classname="net.masterthought.dlanguage.parser.DLanguageParserTest" time="0.006"/>
  <testcase name="teststructs_initialization" classname="net.masterthought.dlanguage.parser.DLanguageParserTest" time="0.019"/>
  <testcase name="testarrays_void" classname="net.masterthought.dlanguage.parser.DLanguageParserTest" time="0.018"/>
  <testcase name="testattributes_namespaces_multiple" classname="net.masterthought.dlanguage.parser.DLanguageParserTest" time="0.009"/>
  <testcase name="testproperties_sizeof" classname="net.masterthought.dlanguage.parser.DLanguageParserTest" time="0.007"/>
  <testcase name="testproperties_init" classname="net.masterthought.dlanguage.parser.DLanguageParserTest" time="0.012"/>
  <testcase name="testfunctions_parameters" classname="net.masterthought.dlanguage.parser.DLanguageParserTest" time="0.018"/>
  <testcase name="testdeclaration_storage" classname="net.masterthought.dlanguage.parser.DLanguageParserTest" time="0.008"/>
  <testcase name="testexpressions_precedence" classname="net.masterthought.dlanguage.parser.DLanguageParserTest" time="0.01"/>
  <testcase name="testdeclaration_type_inference" classname="net.masterthought.dlanguage.parser.DLanguageParserTest" time="0.007"/>
  <testcase name="testbug_fixes" classname="net.masterthought.dlanguage.parser.DLanguageParserTest" time="0.012"/>
  <testcase name="testarrays_special_strings" classname="net.masterthought.dlanguage.parser.DLanguageParserTest" time="0.023"/>
  <testcase name="testclasses_alias_this" classname="net.masterthought.dlanguage.parser.DLanguageParserTest" time="0.018"/>
  <testcase name="testarrays_initialization" classname="net.masterthought.dlanguage.parser.DLanguageParserTest" time="0.013"/>
  <testcase name="testfunctions_string_mixin" classname="net.masterthought.dlanguage.parser.DLanguageParserTest" time="0.007"/>
  <testcase name="testclasses_allocators" classname="net.masterthought.dlanguage.parser.DLanguageParserTest" time="0.008"/>
  <testcase name="teststatements_asm" classname="net.masterthought.dlanguage.parser.DLanguageParserTest" time="0.006"/>
  <testcase name="teststatements_for" classname="net.masterthought.dlanguage.parser.DLanguageParserTest" time="0.009"/>
  <testcase name="testdeclaration_symbols" classname="net.masterthought.dlanguage.parser.DLanguageParserTest" time="0.004"/>
  <testcase name="testpragmas_methods" classname="net.masterthought.dlanguage.parser.DLanguageParserTest" time="0.006"/>
  <testcase name="testfunctions_auto" classname="net.masterthought.dlanguage.parser.DLanguageParserTest" time="0.006"/>
  <testcase name="testfunctions_pure" classname="net.masterthought.dlanguage.parser.DLanguageParserTest" time="0.009"/>
  <testcase name="testfunctions_ucfs" classname="net.masterthought.dlanguage.parser.DLanguageParserTest" time="0.025"/>
  <testcase name="testclasses_final" classname="net.masterthought.dlanguage.parser.DLanguageParserTest" time="0.004"/>
  <testcase name="testtemplates_alias" classname="net.masterthought.dlanguage.parser.DLanguageParserTest" time="0.004"/>
  <testcase name="testclasses_scope" classname="net.masterthought.dlanguage.parser.DLanguageParserTest" time="0.005"/>
  <testcase name="testclasses_static_destructor" classname="net.masterthought.dlanguage.parser.DLanguageParserTest" time="0.005"/>
  <testcase name="teststructs_overload" classname="net.masterthought.dlanguage.parser.DLanguageParserTest" time="0.013"/>
  <testcase name="testattributes_deprecated_optional" classname="net.masterthought.dlanguage.parser.DLanguageParserTest" time="0.006"/>
  <testcase name="testfunctions_delegated_fp_closures" classname="net.masterthought.dlanguage.parser.DLanguageParserTest" time="0.025"/>
  <testcase name="testexpressions_function_literal" classname="net.masterthought.dlanguage.parser.DLanguageParserTest" time="0.013"/>
  <testcase name="testclasses_fields" classname="net.masterthought.dlanguage.parser.DLanguageParserTest" time="0.007"/>
  <testcase name="testclasses_constructors" classname="net.masterthought.dlanguage.parser.DLanguageParserTest" time="0.024"/>
  <testcase name="testtraits_isoverridefunction" classname="net.masterthought.dlanguage.parser.DLanguageParserTest" time="0.011"/>
  <testcase name="teststatements_foreach_aggregates" classname="net.masterthought.dlanguage.parser.DLanguageParserTest" time="0.01"/>
  <testcase name="testfunctions_overloading" classname="net.masterthought.dlanguage.parser.DLanguageParserTest" time="0.006"/>
  <testcase name="teststatements_expression" classname="net.masterthought.dlanguage.parser.DLanguageParserTest" time="0.007"/>
  <testcase name="testtraits_derivedmembers" classname="net.masterthought.dlanguage.parser.DLanguageParserTest" time="0.009"/>
  <testcase name="testattributes_gshared" classname="net.masterthought.dlanguage.parser.DLanguageParserTest" time="0.005"/>
  <testcase name="testarrays_declarations" classname="net.masterthought.dlanguage.parser.DLanguageParserTest" time="0.022"/>
  <testcase name="testtraits_getmember" classname="net.masterthought.dlanguage.parser.DLanguageParserTest" time="0.011"/>
  <testcase name="teststructs_postblits" classname="net.masterthought.dlanguage.parser.DLanguageParserTest" time="0.008"/>
  <testcase name="testfunctions_variadic" classname="net.masterthought.dlanguage.parser.DLanguageParserTest" time="0.015"/>
  <testcase name="testexpressions_cast2" classname="net.masterthought.dlanguage.parser.DLanguageParserTest" time="0.01"/>
  <testcase name="testexpressions_mixin" classname="net.masterthought.dlanguage.parser.DLanguageParserTest" time="0.005"/>
  <testcase name="testexpressions_slice" classname="net.masterthought.dlanguage.parser.DLanguageParserTest" time="0.025"/>
  <testcase name="testtraits_getvirtualmethods" classname="net.masterthought.dlanguage.parser.DLanguageParserTest" time="0.016"/>
  <testcase name="testclasses_nested" classname="net.masterthought.dlanguage.parser.DLanguageParserTest" time="0.024"/>
  <testcase name="testinterfaces" classname="net.masterthought.dlanguage.parser.DLanguageParserTest" time="0.023"/>
  <testcase name="testshebang" classname="net.masterthought.dlanguage.parser.DLanguageParserTest" time="0.005"/>
  <testcase name="teststatements_foreach_delegates" classname="net.masterthought.dlanguage.parser.DLanguageParserTest" time="0.018"/>
  <testcase name="testpragmas_inline" classname="net.masterthought.dlanguage.parser.DLanguageParserTest" time="0.008"/>
  <testcase name="testexpressions_function_literal2" classname="net.masterthought.dlanguage.parser.DLanguageParserTest" time="0.027"/>
  <testcase name="testtype_arithmetic_conversion" classname="net.masterthought.dlanguage.parser.DLanguageParserTest" time="0.006"/>
  <testcase name="testfunctions_overload_sets" classname="net.masterthought.dlanguage.parser.DLanguageParserTest" time="0.016"/>
  <testcase name="testattributes_user_defined" classname="net.masterthought.dlanguage.parser.DLanguageParserTest" time="0.008"/>
  <testcase name="testtemplates_mixins" classname="net.masterthought.dlanguage.parser.DLanguageParserTest" time="0.07"/>
  <testcase name="testtemplates_nested" classname="net.masterthought.dlanguage.parser.DLanguageParserTest" time="0.044"/>
  <testcase name="testassocarrays_removing" classname="net.masterthought.dlanguage.parser.DLanguageParserTest" time="0.004"/>
  <testcase name="testarrays_length" classname="net.masterthought.dlanguage.parser.DLanguageParserTest" time="0.026"/>
  <testcase name="testfunctions_local_vars" classname="net.masterthought.dlanguage.parser.DLanguageParserTest" time="0.009"/>
  <testcase name="testtemplates_params" classname="net.masterthought.dlanguage.parser.DLanguageParserTest" time="0.011"/>
  <testcase name="testfunctions_templates" classname="net.masterthought.dlanguage.parser.DLanguageParserTest" time="0.022"/>
  <testcase name="testclasses_synchronized" classname="net.masterthought.dlanguage.parser.DLanguageParserTest" time="0.01"/>
  <testcase name="testtraits_getfunctionattributes" classname="net.masterthought.dlanguage.parser.DLanguageParserTest" time="0.008"/>
  <testcase name="testarrays_pointer_arithmetic" classname="net.masterthought.dlanguage.parser.DLanguageParserTest" time="0.014"/>
  <testcase name="teststatements_foreach_array" classname="net.masterthought.dlanguage.parser.DLanguageParserTest" time="0.011"/>
  <testcase name="teststatements_foreach_range" classname="net.masterthought.dlanguage.parser.DLanguageParserTest" time="0.011"/>
  <testcase name="testtemplates_tuples" classname="net.masterthought.dlanguage.parser.DLanguageParserTest" time="0.033"/>
  <testcase name="teststatements_foreach_types" classname="net.masterthought.dlanguage.parser.DLanguageParserTest" time="0.017"/>
  <testcase name="teststructs" classname="net.masterthought.dlanguage.parser.DLanguageParserTest" time="0.008"/>
  <testcase name="testattributes_align" classname="net.masterthought.dlanguage.parser.DLanguageParserTest" time="0.011"/>
  <testcase name="testattributes_const" classname="net.masterthought.dlanguage.parser.DLanguageParserTest" time="0.015"/>
  <testcase name="testarrays_static" classname="net.masterthought.dlanguage.parser.DLanguageParserTest" time="0.004"/>
  <testcase name="testtemplates_specialization" classname="net.masterthought.dlanguage.parser.DLanguageParserTest" time="0.01"/>
  <testcase name="testdeclaration_typeof2" classname="net.masterthought.dlanguage.parser.DLanguageParserTest" time="0.007"/>
  <testcase name="testdeclaration_typeof3" classname="net.masterthought.dlanguage.parser.DLanguageParserTest" time="0.013"/>
  <testcase name="testtype_c_style" classname="net.masterthought.dlanguage.parser.DLanguageParserTest" time="0.007"/>
  <testcase name="teststructs_literal" classname="net.masterthought.dlanguage.parser.DLanguageParserTest" time="0.013"/>
  <testcase name="testtraits_compiles" classname="net.masterthought.dlanguage.parser.DLanguageParserTest" time="0.029"/>
  <testcase name="testbitwise_or_bug" classname="net.masterthought.dlanguage.parser.DLanguageParserTest" time="0.006"/>
  <testcase name="testclasses_properties" classname="net.masterthought.dlanguage.parser.DLanguageParserTest" time="0.008"/>
  <testcase name="testtraits_isvirtualmethod" classname="net.masterthought.dlanguage.parser.DLanguageParserTest" time="0.007"/>
  <testcase name="testclasses_constructors_fields" classname="net.masterthought.dlanguage.parser.DLanguageParserTest" time="0.017"/>
  <testcase name="testexpressions_cast" classname="net.masterthought.dlanguage.parser.DLanguageParserTest" time="0.011"/>
  <testcase name="testexpressions_this" classname="net.masterthought.dlanguage.parser.DLanguageParserTest" time="0.012"/>
  <testcase name="teststatements_asm_inline" classname="net.masterthought.dlanguage.parser.DLanguageParserTest" time="0.009"/>
  <testcase name="testdeclaration_alias_symbol" classname="net.masterthought.dlanguage.parser.DLanguageParserTest" time="0.006"/>
  <testcase name="testfunctions_variadic_d" classname="net.masterthought.dlanguage.parser.DLanguageParserTest" time="0.047"/>
  <testcase name="testassocarrays_structs" classname="net.masterthought.dlanguage.parser.DLanguageParserTest" time="0.012"/>
  <testcase name="testtemplates" classname="net.masterthought.dlanguage.parser.DLanguageParserTest" time="0.015"/>
  <testcase name="testclasses_static_constructors" classname="net.masterthought.dlanguage.parser.DLanguageParserTest" time="0.009"/>
  <testcase name="testattributes_auto" classname="net.masterthought.dlanguage.parser.DLanguageParserTest" time="0.005"/>
  <testcase name="testattributes_nogc" classname="net.masterthought.dlanguage.parser.DLanguageParserTest" time="0.01"/>
  <testcase name="testtraits_getoverloads" classname="net.masterthought.dlanguage.parser.DLanguageParserTest" time="0.014"/>
  <testcase name="testassocarrays_word_count" classname="net.masterthought.dlanguage.parser.DLanguageParserTest" time="0.041"/>
  <testcase name="testtraits_isabstractionfunction" classname="net.masterthought.dlanguage.parser.DLanguageParserTest" time="0.011"/>
  <testcase name="testexpressions_equality" classname="net.masterthought.dlanguage.parser.DLanguageParserTest" time="0.007"/>
  <testcase name="testtraits_getprotection" classname="net.masterthought.dlanguage.parser.DLanguageParserTest" time="0.008"/>
  <testcase name="testtemplates_this_params" classname="net.masterthought.dlanguage.parser.DLanguageParserTest" time="0.024"/>
  <testcase name="testtraits_allmembers" classname="net.masterthought.dlanguage.parser.DLanguageParserTest" time="0.009"/>
  <testcase name="testunion_initialization" classname="net.masterthought.dlanguage.parser.DLanguageParserTest" time="0.005"/>
  <testcase name="testproperties_init2" classname="net.masterthought.dlanguage.parser.DLanguageParserTest" time="0.007"/>
  <testcase name="testproperties_init3" classname="net.masterthought.dlanguage.parser.DLanguageParserTest" time="0.01"/>
  <testcase name="testarrays_pointers" classname="net.masterthought.dlanguage.parser.DLanguageParserTest" time="0.004"/>
  <testcase name="testtemplates_mixins_scope" classname="net.masterthought.dlanguage.parser.DLanguageParserTest" time="0.033"/>
  <testcase name="testexpressions_type_info" classname="net.masterthought.dlanguage.parser.DLanguageParserTest" time="0.011"/>
  <testcase name="testtemplates_ref" classname="net.masterthought.dlanguage.parser.DLanguageParserTest" time="0.043"/>
  <testcase name="testtemplates_defaults" classname="net.masterthought.dlanguage.parser.DLanguageParserTest" time="0.01"/>
  <testcase name="teststatements_synchronised" classname="net.masterthought.dlanguage.parser.DLanguageParserTest" time="0.005"/>
  <testcase name="testassocarrays_immutable" classname="net.masterthought.dlanguage.parser.DLanguageParserTest" time="0.015"/>
  <testcase name="testtraits_getunittests" classname="net.masterthought.dlanguage.parser.DLanguageParserTest" time="0.029"/>
  <testcase name="testdeclaration_alias" classname="net.masterthought.dlanguage.parser.DLanguageParserTest" time="0.003"/>
  <testcase name="testtype_implicit_conversion" classname="net.masterthought.dlanguage.parser.DLanguageParserTest" time="0.006"/>
  <testcase name="testarrays_bounds_checking" classname="net.masterthought.dlanguage.parser.DLanguageParserTest" time="0.026"/>
  <testcase name="testtemplates_typed_specialization" classname="net.masterthought.dlanguage.parser.DLanguageParserTest" time="0.01"/>
  <testcase name="testtraits_isrefoutlazy" classname="net.masterthought.dlanguage.parser.DLanguageParserTest" time="0.015"/>
  <testcase name="teststatements_declaration" classname="net.masterthought.dlanguage.parser.DLanguageParserTest" time="0.006"/>
  <testcase name="testfunctions_optional_parens" classname="net.masterthought.dlanguage.parser.DLanguageParserTest" time="0.031"/>
  <testcase name="teststructs_dynamic_init" classname="net.masterthought.dlanguage.parser.DLanguageParserTest" time="0.011"/>
  <testcase name="testexpressions_class_comparison" classname="net.masterthought.dlanguage.parser.DLanguageParserTest" time="0.006"/>
  <testcase name="testconst_immutable" classname="net.masterthought.dlanguage.parser.DLanguageParserTest" time="0.04"/>
  <testcase name="teststatements_switch2" classname="net.masterthought.dlanguage.parser.DLanguageParserTest" time="0.014"/>
  <testcase name="testproperties_user_defined" classname="net.masterthought.dlanguage.parser.DLanguageParserTest" time="0.014"/>
  <testcase name="testattributes_protection" classname="net.masterthought.dlanguage.parser.DLanguageParserTest" time="0.005"/>
  <testcase name="testattributes_deprecated" classname="net.masterthought.dlanguage.parser.DLanguageParserTest" time="0.008"/>
  <testcase name="testdeclaration_type_qualifier" classname="net.masterthought.dlanguage.parser.DLanguageParserTest" time="0.006"/>
  <testcase name="teststatements_do" classname="net.masterthought.dlanguage.parser.DLanguageParserTest" time="0.006"/>
  <testcase name="testtemplates_argument_deduction" classname="net.masterthought.dlanguage.parser.DLanguageParserTest" time="0.009"/>
  <testcase name="testtraits_isabstractclass" classname="net.masterthought.dlanguage.parser.DLanguageParserTest" time="0.009"/>
  <testcase name="testcontract_programming" classname="net.masterthought.dlanguage.parser.DLanguageParserTest" time="0.022"/>
  <testcase name="testassocarrays" classname="net.masterthought.dlanguage.parser.DLanguageParserTest" time="0.007"/>
  <testcase name="testarrays_properties" classname="net.masterthought.dlanguage.parser.DLanguageParserTest" time="0.007"/>
  <testcase name="testdeclaration_array_literal" classname="net.masterthought.dlanguage.parser.DLanguageParserTest" time="0.004"/>
  <testcase name="teststatements_goto" classname="net.masterthought.dlanguage.parser.DLanguageParserTest" time="0.008"/>
  <testcase name="teststatements_with" classname="net.masterthought.dlanguage.parser.DLanguageParserTest" time="0.009"/>
  <testcase name="testexpressions_array_literal" classname="net.masterthought.dlanguage.parser.DLanguageParserTest" time="0.033"/>
  <testcase name="testarrays_copying" classname="net.masterthought.dlanguage.parser.DLanguageParserTest" time="0.017"/>
  <testcase name="testfunctions_nested" classname="net.masterthought.dlanguage.parser.DLanguageParserTest" time="0.051"/>
  <testcase name="testinterfaces_contracts" classname="net.masterthought.dlanguage.parser.DLanguageParserTest" time="0.011"/>
  <testcase name="teststatements_foreach_associative_array" classname="net.masterthought.dlanguage.parser.DLanguageParserTest" time="0.009"/>
  <testcase name="testassocarrays_membership" classname="net.masterthought.dlanguage.parser.DLanguageParserTest" time="0.008"/>
  <testcase name="testtraits_isfinalfunction" classname="net.masterthought.dlanguage.parser.DLanguageParserTest" time="0.021"/>
  <testcase name="testpragmas" classname="net.masterthought.dlanguage.parser.DLanguageParserTest" time="0.014"/>
  <testcase name="testexpressions_cast_pointer" classname="net.masterthought.dlanguage.parser.DLanguageParserTest" time="0.011"/>
  <testcase name="testarrays_dynamic_length" classname="net.masterthought.dlanguage.parser.DLanguageParserTest" time="0.041"/>
  <testcase name="teststatements_declarator" classname="net.masterthought.dlanguage.parser.DLanguageParserTest" time="0.021"/>
  <testcase name="testexpressions_operators" classname="net.masterthought.dlanguage.parser.DLanguageParserTest" time="0.006"/>
  <testcase name="testfunctions_local_static" classname="net.masterthought.dlanguage.parser.DLanguageParserTest" time="0.009"/>
  <testcase name="testmodule_deprecated1" classname="net.masterthought.dlanguage.parser.DLanguageParserTest" time="0.004"/>
  <testcase name="testmodule_deprecated2" classname="net.masterthought.dlanguage.parser.DLanguageParserTest" time="0.007"/>
  <testcase name="teststatements_foreach_tuples" classname="net.masterthought.dlanguage.parser.DLanguageParserTest" time="0.008"/>
  <testcase name="testarrays" classname="net.masterthought.dlanguage.parser.DLanguageParserTest" time="0.011"/>
  <testcase name="testfunctions_inheritance" classname="net.masterthought.dlanguage.parser.DLanguageParserTest" time="0.036"/>
  <testcase name="testtemplates_recursive" classname="net.masterthought.dlanguage.parser.DLanguageParserTest" time="0.012"/>
  <testcase name="testdeclaration_alias2" classname="net.masterthought.dlanguage.parser.DLanguageParserTest" time="0.006"/>
  <testcase name="testdeclaration_alias3" classname="net.masterthought.dlanguage.parser.DLanguageParserTest" time="0.006"/>
  <testcase name="testtraits_istemplate" classname="net.masterthought.dlanguage.parser.DLanguageParserTest" time="0.007"/>
  <testcase name="testtemplates_function_templates" classname="net.masterthought.dlanguage.parser.DLanguageParserTest" time="0.013"/>
  <testcase name="testfunctions_properties" classname="net.masterthought.dlanguage.parser.DLanguageParserTest" time="0.007"/>
  <testcase name="testimport" classname="net.masterthought.dlanguage.parser.DLanguageParserTest" time="0.012"/>
  <testcase name="testdeclaration_extern" classname="net.masterthought.dlanguage.parser.DLanguageParserTest" time="0.003"/>
  <testcase name="teststatements_foreach_templated" classname="net.masterthought.dlanguage.parser.DLanguageParserTest" time="0.011"/>
  <testcase name="testbug_assoc_array" classname="net.masterthought.dlanguage.parser.DLanguageParserTest" time="0.009"/>
  <testcase name="testdeclaration1" classname="net.masterthought.dlanguage.parser.DLanguageParserTest" time="0.008"/>
  <testcase name="testfunctions_variadic_typesafe" classname="net.masterthought.dlanguage.parser.DLanguageParserTest" time="0.035"/>
  <testcase name="testtraits_issame" classname="net.masterthought.dlanguage.parser.DLanguageParserTest" time="0.014"/>
  <testcase name="teststatements_foreach" classname="net.masterthought.dlanguage.parser.DLanguageParserTest" time="0.006"/>
  <testcase name="testmodule_scope" classname="net.masterthought.dlanguage.parser.DLanguageParserTest" time="0.005"/>
  <testcase name="testinterfaces_cplus" classname="net.masterthought.dlanguage.parser.DLanguageParserTest" time="0.004"/>
  <testcase name="testunittests" classname="net.masterthought.dlanguage.parser.DLanguageParserTest" time="0.025"/>
  <testcase name="testarrays_operations" classname="net.masterthought.dlanguage.parser.DLanguageParserTest" time="0.011"/>
  <testcase name="testfunctions_auto_ref" classname="net.masterthought.dlanguage.parser.DLanguageParserTest" time="0.014"/>
  <testcase name="testexpressions_assert" classname="net.masterthought.dlanguage.parser.DLanguageParserTest" time="0.004"/>
  <testcase name="testtype_delegates2" classname="net.masterthought.dlanguage.parser.DLanguageParserTest" time="0.004"/>
  <testcase name="testtype_delegates3" classname="net.masterthought.dlanguage.parser.DLanguageParserTest" time="0.004"/>
  <testcase name="testtype_delegates4" classname="net.masterthought.dlanguage.parser.DLanguageParserTest" time="0.008"/>
  <testcase name="testfunctions_default_args" classname="net.masterthought.dlanguage.parser.DLanguageParserTest" time="0.005"/>
  <testcase name="testattributes_extern" classname="net.masterthought.dlanguage.parser.DLanguageParserTest" time="0.003"/>
  <testcase name="testexpressions_in" classname="net.masterthought.dlanguage.parser.DLanguageParserTest" time="0.004"/>
  <testcase name="testexpressions_is" classname="net.masterthought.dlanguage.parser.DLanguageParserTest" time="0.056"/>
  <testcase name="testtemplates_alias_params" classname="net.masterthought.dlanguage.parser.DLanguageParserTest" time="0.021"/>
  <testcase name="testtemplates_limitation" classname="net.masterthought.dlanguage.parser.DLanguageParserTest" time="0.013"/>
  <testcase name="testarrays_function_properties" classname="net.masterthought.dlanguage.parser.DLanguageParserTest" time="0.008"/>
  <testcase name="testdeclaration_typeof" classname="net.masterthought.dlanguage.parser.DLanguageParserTest" time="0.012"/>
  <testcase name="testarrays_setting" classname="net.masterthought.dlanguage.parser.DLanguageParserTest" time="0.01"/>
  <testcase name="teststructs_nested" classname="net.masterthought.dlanguage.parser.DLanguageParserTest" time="0.009"/>
  <testcase name="testtraits_getattributes" classname="net.masterthought.dlanguage.parser.DLanguageParserTest" time="0.008"/>
  <testcase name="teststatements_block" classname="net.masterthought.dlanguage.parser.DLanguageParserTest" time="0.008"/>
  <testcase name="teststatements_break" classname="net.masterthought.dlanguage.parser.DLanguageParserTest" time="0.011"/>
  <testcase name="testexpressions_import" classname="net.masterthought.dlanguage.parser.DLanguageParserTest" time="0.004"/>
  <testcase name="teststatements_mixin" classname="net.masterthought.dlanguage.parser.DLanguageParserTest" time="0.009"/>
  <testcase name="testoperator_overloading" classname="net.masterthought.dlanguage.parser.DLanguageParserTest" time="0.173"/>
  <testcase name="testasm" classname="net.masterthought.dlanguage.parser.DLanguageParserTest" time="0.023"/>
  <testcase name="teststatements_scope" classname="net.masterthought.dlanguage.parser.DLanguageParserTest" time="0.026"/>
  <testcase name="teststatements_throw" classname="net.masterthought.dlanguage.parser.DLanguageParserTest" time="0.012"/>
  <testcase name="testproperties_stringof" classname="net.masterthought.dlanguage.parser.DLanguageParserTest" time="0.026"/>
  <testcase name="teststatements_while" classname="net.masterthought.dlanguage.parser.DLanguageParserTest" time="0.007"/>
  <testcase name="testinterfaces_com" classname="net.masterthought.dlanguage.parser.DLanguageParserTest" time="0.008"/>
  <testcase name="testtraits_getpointerbitmap" classname="net.masterthought.dlanguage.parser.DLanguageParserTest" time="0.01"/>
  <testcase name="testexpressions_new" classname="net.masterthought.dlanguage.parser.DLanguageParserTest" time="0.018"/>
  <testcase name="testtemplates_typed_params" classname="net.masterthought.dlanguage.parser.DLanguageParserTest" time="0.005"/>
  <testcase name="testexpressions_lambda" classname="net.masterthought.dlanguage.parser.DLanguageParserTest" time="0.012"/>
  <testcase name="testattributes_disabled" classname="net.masterthought.dlanguage.parser.DLanguageParserTest" time="0.005"/>
  <testcase name="testconditional_compilation" classname="net.masterthought.dlanguage.parser.DLanguageParserTest" time="0.026"/>
  <testcase name="testfunctions_inout" classname="net.masterthought.dlanguage.parser.DLanguageParserTest" time="0.026"/>
  <testcase name="testarrays_dynamic" classname="net.masterthought.dlanguage.parser.DLanguageParserTest" time="0.004"/>
  <testcase name="testfunctions_variadic_lazy" classname="net.masterthought.dlanguage.parser.DLanguageParserTest" time="0.009"/>
  <testcase name="teststructs_shared" classname="net.masterthought.dlanguage.parser.DLanguageParserTest" time="0.006"/>
  <testcase name="testexpressions_string_literal" classname="net.masterthought.dlanguage.parser.DLanguageParserTest" time="0.014"/>
  <testcase name="testtype_delegates" classname="net.masterthought.dlanguage.parser.DLanguageParserTest" time="0.004"/>
  <testcase name="testclasses_members" classname="net.masterthought.dlanguage.parser.DLanguageParserTest" time="0.005"/>
  <testcase name="testarrays_slicing" classname="net.masterthought.dlanguage.parser.DLanguageParserTest" time="0.017"/>
  <testcase name="teststructs_constructors" classname="net.masterthought.dlanguage.parser.DLanguageParserTest" time="0.018"/>
  <testcase name="teststatements_foreach_reverse" classname="net.masterthought.dlanguage.parser.DLanguageParserTest" time="0.004"/>
  <testcase name="testdeclaration_type_storage1" classname="net.masterthought.dlanguage.parser.DLanguageParserTest" time="0.006"/>
  <testcase name="testdeclaration_type_storage2" classname="net.masterthought.dlanguage.parser.DLanguageParserTest" time="0.012"/>
  <testcase name="testdeclaration_type_storage3" classname="net.masterthought.dlanguage.parser.DLanguageParserTest" time="0.004"/>
  <testcase name="testdeclaration_type_storage4" classname="net.masterthought.dlanguage.parser.DLanguageParserTest" time="0.005"/>
  <testcase name="testclasses_destructors" classname="net.masterthought.dlanguage.parser.DLanguageParserTest" time="0.004"/>
  <testcase name="testarrays_rectangular" classname="net.masterthought.dlanguage.parser.DLanguageParserTest" time="0.005"/>
  <testcase name="testclasses_deallocators" classname="net.masterthought.dlanguage.parser.DLanguageParserTest" time="0.007"/>
  <testcase name="testclasses" classname="net.masterthought.dlanguage.parser.DLanguageParserTest" time="0.004"/>
  <testcase name="testtraits_hasmember" classname="net.masterthought.dlanguage.parser.DLanguageParserTest" time="0.011"/>
  <testcase name="testattributes_static" classname="net.masterthought.dlanguage.parser.DLanguageParserTest" time="0.008"/>
  <testcase name="testenums" classname="net.masterthought.dlanguage.parser.DLanguageParserTest" time="0.015"/>
  <testcase name="testassocarrays_constructor" classname="net.masterthought.dlanguage.parser.DLanguageParserTest" time="0.036"/>
  <testcase name="testattributes_traits" classname="net.masterthought.dlanguage.parser.DLanguageParserTest" time="0.01"/>
  <testcase name="testexpressions_scalar" classname="net.masterthought.dlanguage.parser.DLanguageParserTest" time="0.006"/>
  <testcase name="testtraits_isarithmetic" classname="net.masterthought.dlanguage.parser.DLanguageParserTest" time="0.011"/>
  <testcase name="testbug_try_catch" classname="net.masterthought.dlanguage.parser.DLanguageParserTest" time="0.051"/>
  <testcase name="testfunctions_ref" classname="net.masterthought.dlanguage.parser.DLanguageParserTest" time="0.004"/>
  <testcase name="teststatements_return" classname="net.masterthought.dlanguage.parser.DLanguageParserTest" time="0.002"/>
  <testcase name="testattributes_override" classname="net.masterthought.dlanguage.parser.DLanguageParserTest" time="0.005"/>
  <testcase name="testarrays_concatenation" classname="net.masterthought.dlanguage.parser.DLanguageParserTest" time="0.005"/>
  <testcase name="testdeclaration_void" classname="net.masterthought.dlanguage.parser.DLanguageParserTest" time="0.003"/>
  <testcase name="teststatements_switch" classname="net.masterthought.dlanguage.parser.DLanguageParserTest" time="0.006"/>
  <testcase name="testexpressions_associative_array_literal" classname="net.masterthought.dlanguage.parser.DLanguageParserTest" time="0.005"/>
  <testcase name="teststatements_foreach_ref_params" classname="net.masterthought.dlanguage.parser.DLanguageParserTest" time="0.01"/>
  <testcase name="testexpressions_cast_float" classname="net.masterthought.dlanguage.parser.DLanguageParserTest" time="0.01"/>
  <testcase name="testfunctions_virtual" classname="net.masterthought.dlanguage.parser.DLanguageParserTest" time="0.033"/>
  <testcase name="testattributes_namespaces" classname="net.masterthought.dlanguage.parser.DLanguageParserTest" time="0.008"/>
  <testcase name="testtraits_special_keywords" classname="net.masterthought.dlanguage.parser.DLanguageParserTest" time="0.01"/>
  <testcase name="testtemplates_variable" classname="net.masterthought.dlanguage.parser.DLanguageParserTest" time="0.007"/>
  <testcase name="testassocarrays_classes" classname="net.masterthought.dlanguage.parser.DLanguageParserTest" time="0.007"/>
  <testcase name="testclasses_field_properties" classname="net.masterthought.dlanguage.parser.DLanguageParserTest" time="0.005"/>
  <testcase name="testtemplates_instant_scope" classname="net.masterthought.dlanguage.parser.DLanguageParserTest" time="0.008"/>
  <testcase name="testmodule1" classname="net.masterthought.dlanguage.parser.DLanguageParserTest" time="0.003"/>
  <testcase name="testmodule2" classname="net.masterthought.dlanguage.parser.DLanguageParserTest" time="0.003"/>
  <testcase name="testarrays_printf_c" classname="net.masterthought.dlanguage.parser.DLanguageParserTest" time="0.011"/>
  <testcase name="testattributes_private" classname="net.masterthought.dlanguage.parser.DLanguageParserTest" time="0.004"/>
  <testcase name="teststructs_initialization" classname="net.masterthought.dlanguage.parser.DLanguageParserTest" time="0.012"/>
  <testcase name="testarrays_void" classname="net.masterthought.dlanguage.parser.DLanguageParserTest" time="0.015"/>
  <testcase name="testattributes_namespaces_multiple" classname="net.masterthought.dlanguage.parser.DLanguageParserTest" time="0.007"/>
  <testcase name="testproperties_sizeof" classname="net.masterthought.dlanguage.parser.DLanguageParserTest" time="0.005"/>
  <testcase name="testproperties_init" classname="net.masterthought.dlanguage.parser.DLanguageParserTest" time="0.008"/>
  <testcase name="testfunctions_parameters" classname="net.masterthought.dlanguage.parser.DLanguageParserTest" time="0.011"/>
  <testcase name="testdeclaration_storage" classname="net.masterthought.dlanguage.parser.DLanguageParserTest" time="0.004"/>
  <testcase name="testexpressions_precedence" classname="net.masterthought.dlanguage.parser.DLanguageParserTest" time="0.007"/>
  <testcase name="testdeclaration_type_inference" classname="net.masterthought.dlanguage.parser.DLanguageParserTest" time="0.004"/>
  <testcase name="testbug_fixes" classname="net.masterthought.dlanguage.parser.DLanguageParserTest" time="0.006"/>
  <testcase name="testarrays_special_strings" classname="net.masterthought.dlanguage.parser.DLanguageParserTest" time="0.018"/>
  <testcase name="testclasses_alias_this" classname="net.masterthought.dlanguage.parser.DLanguageParserTest" time="0.014"/>
  <testcase name="testarrays_initialization" classname="net.masterthought.dlanguage.parser.DLanguageParserTest" time="0.009"/>
  <testcase name="testfunctions_string_mixin" classname="net.masterthought.dlanguage.parser.DLanguageParserTest" time="0.005"/>
  <testcase name="testclasses_allocators" classname="net.masterthought.dlanguage.parser.DLanguageParserTest" time="0.005"/>
  <testcase name="teststatements_asm" classname="net.masterthought.dlanguage.parser.DLanguageParserTest" time="0.005"/>
  <testcase name="teststatements_for" classname="net.masterthought.dlanguage.parser.DLanguageParserTest" time="0.007"/>
  <testcase name="testdeclaration_symbols" classname="net.masterthought.dlanguage.parser.DLanguageParserTest" time="0.004"/>
  <testcase name="testpragmas_methods" classname="net.masterthought.dlanguage.parser.DLanguageParserTest" time="0.005"/>
  <testcase name="testfunctions_auto" classname="net.masterthought.dlanguage.parser.DLanguageParserTest" time="0.005"/>
  <testcase name="testfunctions_pure" classname="net.masterthought.dlanguage.parser.DLanguageParserTest" time="0.009"/>
  <testcase name="testfunctions_ucfs" classname="net.masterthought.dlanguage.parser.DLanguageParserTest" time="0.022"/>
  <testcase name="testclasses_final" classname="net.masterthought.dlanguage.parser.DLanguageParserTest" time="0.003"/>
  <testcase name="testtemplates_alias" classname="net.masterthought.dlanguage.parser.DLanguageParserTest" time="0.002"/>
  <testcase name="testclasses_scope" classname="net.masterthought.dlanguage.parser.DLanguageParserTest" time="0.003"/>
  <testcase name="testclasses_static_destructor" classname="net.masterthought.dlanguage.parser.DLanguageParserTest" time="0.003"/>
  <testcase name="teststructs_overload" classname="net.masterthought.dlanguage.parser.DLanguageParserTest" time="0.009"/>
  <testcase name="testattributes_deprecated_optional" classname="net.masterthought.dlanguage.parser.DLanguageParserTest" time="0.003"/>
  <testcase name="testfunctions_delegated_fp_closures" classname="net.masterthought.dlanguage.parser.DLanguageParserTest" time="0.025"/>
  <testcase name="testexpressions_function_literal" classname="net.masterthought.dlanguage.parser.DLanguageParserTest" time="0.015"/>
  <testcase name="testclasses_fields" classname="net.masterthought.dlanguage.parser.DLanguageParserTest" time="0.007"/>
  <testcase name="testclasses_constructors" classname="net.masterthought.dlanguage.parser.DLanguageParserTest" time="0.016"/>
  <testcase name="testtraits_isoverridefunction" classname="net.masterthought.dlanguage.parser.DLanguageParserTest" time="0.01"/>
  <testcase name="teststatements_foreach_aggregates" classname="net.masterthought.dlanguage.parser.DLanguageParserTest" time="0.01"/>
  <testcase name="testfunctions_overloading" classname="net.masterthought.dlanguage.parser.DLanguageParserTest" time="0.005"/>
  <testcase name="teststatements_expression" classname="net.masterthought.dlanguage.parser.DLanguageParserTest" time="0.005"/>
  <testcase name="testtraits_derivedmembers" classname="net.masterthought.dlanguage.parser.DLanguageParserTest" time="0.007"/>
  <testcase name="testattributes_gshared" classname="net.masterthought.dlanguage.parser.DLanguageParserTest" time="0.006"/>
  <testcase name="testarrays_declarations" classname="net.masterthought.dlanguage.parser.DLanguageParserTest" time="0.008"/>
  <testcase name="testtraits_getmember" classname="net.masterthought.dlanguage.parser.DLanguageParserTest" time="0.01"/>
  <testcase name="teststructs_postblits" classname="net.masterthought.dlanguage.parser.DLanguageParserTest" time="0.007"/>
  <testcase name="testfunctions_variadic" classname="net.masterthought.dlanguage.parser.DLanguageParserTest" time="0.016"/>
  <testcase name="testexpressions_cast2" classname="net.masterthought.dlanguage.parser.DLanguageParserTest" time="0.009"/>
  <testcase name="testexpressions_mixin" classname="net.masterthought.dlanguage.parser.DLanguageParserTest" time="0.005"/>
  <testcase name="testexpressions_slice" classname="net.masterthought.dlanguage.parser.DLanguageParserTest" time="0.021"/>
  <testcase name="testtraits_getvirtualmethods" classname="net.masterthought.dlanguage.parser.DLanguageParserTest" time="0.013"/>
  <testcase name="testclasses_nested" classname="net.masterthought.dlanguage.parser.DLanguageParserTest" time="0.033"/>
  <testcase name="testinterfaces" classname="net.masterthought.dlanguage.parser.DLanguageParserTest" time="0.02"/>
  <testcase name="testshebang" classname="net.masterthought.dlanguage.parser.DLanguageParserTest" time="0.003"/>
  <testcase name="teststatements_foreach_delegates" classname="net.masterthought.dlanguage.parser.DLanguageParserTest" time="0.012"/>
  <testcase name="testpragmas_inline" classname="net.masterthought.dlanguage.parser.DLanguageParserTest" time="0.005"/>
  <testcase name="testexpressions_function_literal2" classname="net.masterthought.dlanguage.parser.DLanguageParserTest" time="0.02"/>
  <testcase name="testtype_arithmetic_conversion" classname="net.masterthought.dlanguage.parser.DLanguageParserTest" time="0.005"/>
  <testcase name="testfunctions_overload_sets" classname="net.masterthought.dlanguage.parser.DLanguageParserTest" time="0.015"/>
  <testcase name="testattributes_user_defined" classname="net.masterthought.dlanguage.parser.DLanguageParserTest" time="0.006"/>
  <testcase name="testtemplates_mixins" classname="net.masterthought.dlanguage.parser.DLanguageParserTest" time="0.06"/>
  <testcase name="testtemplates_nested" classname="net.masterthought.dlanguage.parser.DLanguageParserTest" time="0.037"/>
  <testcase name="testassocarrays_removing" classname="net.masterthought.dlanguage.parser.DLanguageParserTest" time="0.007"/>
  <testcase name="testarrays_length" classname="net.masterthought.dlanguage.parser.DLanguageParserTest" time="0.025"/>
  <testcase name="testfunctions_local_vars" classname="net.masterthought.dlanguage.parser.DLanguageParserTest" time="0.004"/>
  <testcase name="testtemplates_params" classname="net.masterthought.dlanguage.parser.DLanguageParserTest" time="0.007"/>
  <testcase name="testfunctions_templates" classname="net.masterthought.dlanguage.parser.DLanguageParserTest" time="0.02"/>
  <testcase name="testclasses_synchronized" classname="net.masterthought.dlanguage.parser.DLanguageParserTest" time="0.007"/>
  <testcase name="testtraits_getfunctionattributes" classname="net.masterthought.dlanguage.parser.DLanguageParserTest" time="0.008"/>
  <testcase name="testarrays_pointer_arithmetic" classname="net.masterthought.dlanguage.parser.DLanguageParserTest" time="0.013"/>
  <testcase name="teststatements_foreach_array" classname="net.masterthought.dlanguage.parser.DLanguageParserTest" time="0.009"/>
  <testcase name="teststatements_foreach_range" classname="net.masterthought.dlanguage.parser.DLanguageParserTest" time="0.007"/>
  <testcase name="testtemplates_tuples" classname="net.masterthought.dlanguage.parser.DLanguageParserTest" time="0.021"/>
  <testcase name="teststatements_foreach_types" classname="net.masterthought.dlanguage.parser.DLanguageParserTest" time="0.015"/>
  <testcase name="teststructs" classname="net.masterthought.dlanguage.parser.DLanguageParserTest" time="0.004"/>
  <testcase name="testattributes_align" classname="net.masterthought.dlanguage.parser.DLanguageParserTest" time="0.008"/>
  <testcase name="testattributes_const" classname="net.masterthought.dlanguage.parser.DLanguageParserTest" time="0.012"/>
  <testcase name="testarrays_static" classname="net.masterthought.dlanguage.parser.DLanguageParserTest" time="0.003"/>
  <testcase name="testtemplates_specialization" classname="net.masterthought.dlanguage.parser.DLanguageParserTest" time="0.005"/>
  <testcase name="testdeclaration_typeof2" classname="net.masterthought.dlanguage.parser.DLanguageParserTest" time="0.005"/>
  <testcase name="testdeclaration_typeof3" classname="net.masterthought.dlanguage.parser.DLanguageParserTest" time="0.005"/>
  <testcase name="testtype_c_style" classname="net.masterthought.dlanguage.parser.DLanguageParserTest" time="0.003"/>
  <testcase name="teststructs_literal" classname="net.masterthought.dlanguage.parser.DLanguageParserTest" time="0.007"/>
  <testcase name="testtraits_compiles" classname="net.masterthought.dlanguage.parser.DLanguageParserTest" time="0.021"/>
  <testcase name="testbitwise_or_bug" classname="net.masterthought.dlanguage.parser.DLanguageParserTest" time="0.016"/>
  <testcase name="testclasses_properties" classname="net.masterthought.dlanguage.parser.DLanguageParserTest" time="0.008"/>
  <testcase name="testtraits_isvirtualmethod" classname="net.masterthought.dlanguage.parser.DLanguageParserTest" time="0.006"/>
  <testcase name="testclasses_constructors_fields" classname="net.masterthought.dlanguage.parser.DLanguageParserTest" time="0.013"/>
  <testcase name="testexpressions_cast" classname="net.masterthought.dlanguage.parser.DLanguageParserTest" time="0.006"/>
  <testcase name="testexpressions_this" classname="net.masterthought.dlanguage.parser.DLanguageParserTest" time="0.01"/>
  <testcase name="teststatements_asm_inline" classname="net.masterthought.dlanguage.parser.DLanguageParserTest" time="0.004"/>
  <testcase name="testdeclaration_alias_symbol" classname="net.masterthought.dlanguage.parser.DLanguageParserTest" time="0.003"/>
  <testcase name="testfunctions_variadic_d" classname="net.masterthought.dlanguage.parser.DLanguageParserTest" time="0.04"/>
  <testcase name="testassocarrays_structs" classname="net.masterthought.dlanguage.parser.DLanguageParserTest" time="0.009"/>
  <testcase name="testtemplates" classname="net.masterthought.dlanguage.parser.DLanguageParserTest" time="0.014"/>
  <testcase name="testclasses_static_constructors" classname="net.masterthought.dlanguage.parser.DLanguageParserTest" time="0.009"/>
  <testcase name="testattributes_auto" classname="net.masterthought.dlanguage.parser.DLanguageParserTest" time="0.003"/>
  <testcase name="testattributes_nogc" classname="net.masterthought.dlanguage.parser.DLanguageParserTest" time="0.009"/>
  <testcase name="testtraits_getoverloads" classname="net.masterthought.dlanguage.parser.DLanguageParserTest" time="0.013"/>
  <testcase name="testassocarrays_word_count" classname="net.masterthought.dlanguage.parser.DLanguageParserTest" time="0.038"/>
  <testcase name="testtraits_isabstractionfunction" classname="net.masterthought.dlanguage.parser.DLanguageParserTest" time="0.009"/>
  <testcase name="testexpressions_equality" classname="net.masterthought.dlanguage.parser.DLanguageParserTest" time="0.004"/>
  <testcase name="testtraits_getprotection" classname="net.masterthought.dlanguage.parser.DLanguageParserTest" time="0.006"/>
  <testcase name="testtemplates_this_params" classname="net.masterthought.dlanguage.parser.DLanguageParserTest" time="0.02"/>
  <testcase name="testtraits_allmembers" classname="net.masterthought.dlanguage.parser.DLanguageParserTest" time="0.007"/>
  <testcase name="testunion_initialization" classname="net.masterthought.dlanguage.parser.DLanguageParserTest" time="0.004"/>
  <testcase name="testproperties_init2" classname="net.masterthought.dlanguage.parser.DLanguageParserTest" time="0.006"/>
  <testcase name="testproperties_init3" classname="net.masterthought.dlanguage.parser.DLanguageParserTest" time="0.01"/>
  <testcase name="testarrays_pointers" classname="net.masterthought.dlanguage.parser.DLanguageParserTest" time="0.002"/>
  <testcase name="testtemplates_mixins_scope" classname="net.masterthought.dlanguage.parser.DLanguageParserTest" time="0.03"/>
  <testcase name="testexpressions_type_info" classname="net.masterthought.dlanguage.parser.DLanguageParserTest" time="0.012"/>
  <testcase name="testtemplates_ref" classname="net.masterthought.dlanguage.parser.DLanguageParserTest" time="0.026"/>
  <testcase name="testtemplates_defaults" classname="net.masterthought.dlanguage.parser.DLanguageParserTest" time="0.009"/>
  <testcase name="teststatements_synchronised" classname="net.masterthought.dlanguage.parser.DLanguageParserTest" time="0.002"/>
  <testcase name="testassocarrays_immutable" classname="net.masterthought.dlanguage.parser.DLanguageParserTest" time="0.013"/>
  <testcase name="testtraits_getunittests" classname="net.masterthought.dlanguage.parser.DLanguageParserTest" time="0.016"/>
  <testcase name="testdeclaration_alias" classname="net.masterthought.dlanguage.parser.DLanguageParserTest" time="0.003"/>
  <testcase name="testtype_implicit_conversion" classname="net.masterthought.dlanguage.parser.DLanguageParserTest" time="0.005"/>
  <testcase name="testarrays_bounds_checking" classname="net.masterthought.dlanguage.parser.DLanguageParserTest" time="0.012"/>
  <testcase name="testtemplates_typed_specialization" classname="net.masterthought.dlanguage.parser.DLanguageParserTest" time="0.007"/>
  <testcase name="testtraits_isrefoutlazy" classname="net.masterthought.dlanguage.parser.DLanguageParserTest" time="0.011"/>
  <testcase name="teststatements_declaration" classname="net.masterthought.dlanguage.parser.DLanguageParserTest" time="0.004"/>
  <testcase name="testfunctions_optional_parens" classname="net.masterthought.dlanguage.parser.DLanguageParserTest" time="0.039"/>
  <testcase name="teststructs_dynamic_init" classname="net.masterthought.dlanguage.parser.DLanguageParserTest" time="0.009"/>
  <testcase name="testexpressions_class_comparison" classname="net.masterthought.dlanguage.parser.DLanguageParserTest" time="0.005"/>
  <testcase name="testconst_immutable" classname="net.masterthought.dlanguage.parser.DLanguageParserTest" time="0.035"/>
  <testcase name="teststatements_switch2" classname="net.masterthought.dlanguage.parser.DLanguageParserTest" time="0.012"/>
  <testcase name="testproperties_user_defined" classname="net.masterthought.dlanguage.parser.DLanguageParserTest" time="0.012"/>
  <testcase name="testattributes_protection" classname="net.masterthought.dlanguage.parser.DLanguageParserTest" time="0.005"/>
  <testcase name="testattributes_deprecated" classname="net.masterthought.dlanguage.parser.DLanguageParserTest" time="0.003"/>
  <testcase name="testdeclaration_type_qualifier" classname="net.masterthought.dlanguage.parser.DLanguageParserTest" time="0.004"/>
  <testcase name="teststatements_do" classname="net.masterthought.dlanguage.parser.DLanguageParserTest" time="0.005"/>
  <testcase name="testtemplates_argument_deduction" classname="net.masterthought.dlanguage.parser.DLanguageParserTest" time="0.007"/>
  <testcase name="testtraits_isabstractclass" classname="net.masterthought.dlanguage.parser.DLanguageParserTest" time="0.008"/>
  <testcase name="testcontract_programming" classname="net.masterthought.dlanguage.parser.DLanguageParserTest" time="0.019"/>
  <testcase name="testassocarrays" classname="net.masterthought.dlanguage.parser.DLanguageParserTest" time="0.008"/>
  <testcase name="testarrays_properties" classname="net.masterthought.dlanguage.parser.DLanguageParserTest" time="0.007"/>
  <testcase name="testdeclaration_array_literal" classname="net.masterthought.dlanguage.parser.DLanguageParserTest" time="0.003"/>
  <testcase name="teststatements_goto" classname="net.masterthought.dlanguage.parser.DLanguageParserTest" time="0.007"/>
  <testcase name="teststatements_with" classname="net.masterthought.dlanguage.parser.DLanguageParserTest" time="0.008"/>
  <testcase name="testexpressions_array_literal" classname="net.masterthought.dlanguage.parser.DLanguageParserTest" time="0.031"/>
  <testcase name="testarrays_copying" classname="net.masterthought.dlanguage.parser.DLanguageParserTest" time="0.016"/>
  <testcase name="testfunctions_nested" classname="net.masterthought.dlanguage.parser.DLanguageParserTest" time="0.049"/>
  <testcase name="testinterfaces_contracts" classname="net.masterthought.dlanguage.parser.DLanguageParserTest" time="0.009"/>
  <testcase name="teststatements_foreach_associative_array" classname="net.masterthought.dlanguage.parser.DLanguageParserTest" time="0.006"/>
  <testcase name="testassocarrays_membership" classname="net.masterthought.dlanguage.parser.DLanguageParserTest" time="0.008"/>
  <testcase name="testtraits_isfinalfunction" classname="net.masterthought.dlanguage.parser.DLanguageParserTest" time="0.009"/>
  <testcase name="testpragmas" classname="net.masterthought.dlanguage.parser.DLanguageParserTest" time="0.008"/>
  <testcase name="testexpressions_cast_pointer" classname="net.masterthought.dlanguage.parser.DLanguageParserTest" time="0.01"/>
  <testcase name="testarrays_dynamic_length" classname="net.masterthought.dlanguage.parser.DLanguageParserTest" time="0.035"/>
  <testcase name="teststatements_declarator" classname="net.masterthought.dlanguage.parser.DLanguageParserTest" time="0.016"/>
  <testcase name="testexpressions_operators" classname="net.masterthought.dlanguage.parser.DLanguageParserTest" time="0.005"/>
  <testcase name="testfunctions_local_static" classname="net.masterthought.dlanguage.parser.DLanguageParserTest" time="0.007"/>
  <testcase name="testmodule_deprecated1" classname="net.masterthought.dlanguage.parser.DLanguageParserTest" time="0.002"/>
  <testcase name="testmodule_deprecated2" classname="net.masterthought.dlanguage.parser.DLanguageParserTest" time="0.003"/>
  <testcase name="teststatements_foreach_tuples" classname="net.masterthought.dlanguage.parser.DLanguageParserTest" time="0.006"/>
  <testcase name="testarrays" classname="net.masterthought.dlanguage.parser.DLanguageParserTest" time="0.008"/>
  <testcase name="testfunctions_inheritance" classname="net.masterthought.dlanguage.parser.DLanguageParserTest" time="0.044"/>
  <testcase name="testtemplates_recursive" classname="net.masterthought.dlanguage.parser.DLanguageParserTest" time="0.008"/>
  <system-out><![CDATA[]]></system-out>
  <system-err><![CDATA[]]></system-err>
</testsuite>
