<?xml version="1.0" encoding="UTF-8"?>
<testsuite name="net.masterthought.dlanguage.lexer.DLanguageLexerTest" tests="162" skipped="0" failures="0" errors="0" timestamp="2016-07-20T18:13:29" hostname="serial.home" time="0.914">
  <properties/>
  <testcase name="testkeyword_interface" classname="net.masterthought.dlanguage.lexer.DLanguageLexerTest" time="0.536"/>
  <testcase name="testkeyword_override" classname="net.masterthought.dlanguage.lexer.DLanguageLexerTest" time="0.004"/>
  <testcase name="testtokens_pow_assign" classname="net.masterthought.dlanguage.lexer.DLanguageLexerTest" time="0.003"/>
  <testcase name="testtokens_triple_rshift_assign" classname="net.masterthought.dlanguage.lexer.DLanguageLexerTest" time="0.002"/>
  <testcase name="testtokens_less_than" classname="net.masterthought.dlanguage.lexer.DLanguageLexerTest" time="0.003"/>
  <testcase name="testkeyword_deprecated" classname="net.masterthought.dlanguage.lexer.DLanguageLexerTest" time="0.003"/>
  <testcase name="teststring_wysiwyg" classname="net.masterthought.dlanguage.lexer.DLanguageLexerTest" time="0.002"/>
  <testcase name="testkeyword_delegate" classname="net.masterthought.dlanguage.lexer.DLanguageLexerTest" time="0.002"/>
  <testcase name="testtokens_unordered" classname="net.masterthought.dlanguage.lexer.DLanguageLexerTest" time="0.003"/>
  <testcase name="testkeyword___function__" classname="net.masterthought.dlanguage.lexer.DLanguageLexerTest" time="0.002"/>
  <testcase name="testtokens_decrement" classname="net.masterthought.dlanguage.lexer.DLanguageLexerTest" time="0.001"/>
  <testcase name="testinteger_hex" classname="net.masterthought.dlanguage.lexer.DLanguageLexerTest" time="0.001"/>
  <testcase name="teststring_dq" classname="net.masterthought.dlanguage.lexer.DLanguageLexerTest" time="0.002"/>
  <testcase name="testinteger_binary" classname="net.masterthought.dlanguage.lexer.DLanguageLexerTest" time="0.003"/>
  <testcase name="testtokens_right_shift_assign" classname="net.masterthought.dlanguage.lexer.DLanguageLexerTest" time="0.002"/>
  <testcase name="testtokens_close_bracket" classname="net.masterthought.dlanguage.lexer.DLanguageLexerTest" time="0.003"/>
  <testcase name="testtokens_less_greater_equal" classname="net.masterthought.dlanguage.lexer.DLanguageLexerTest" time="0.002"/>
  <testcase name="testtokens_unordered_ge" classname="net.masterthought.dlanguage.lexer.DLanguageLexerTest" time="0.002"/>
  <testcase name="testtokens_unordered_le" classname="net.masterthought.dlanguage.lexer.DLanguageLexerTest" time="0.001"/>
  <testcase name="testtokens_greater_than" classname="net.masterthought.dlanguage.lexer.DLanguageLexerTest" time="0.002"/>
  <testcase name="testkeyword_function" classname="net.masterthought.dlanguage.lexer.DLanguageLexerTest" time="0.002"/>
  <testcase name="testtokens_at" classname="net.masterthought.dlanguage.lexer.DLanguageLexerTest" time="0.003"/>
  <testcase name="testtokens_or" classname="net.masterthought.dlanguage.lexer.DLanguageLexerTest" time="0.002"/>
  <testcase name="testtokens_close_parens" classname="net.masterthought.dlanguage.lexer.DLanguageLexerTest" time="0.001"/>
  <testcase name="testfloat_decimal" classname="net.masterthought.dlanguage.lexer.DLanguageLexerTest" time="0.001"/>
  <testcase name="testkeyword_immutable" classname="net.masterthought.dlanguage.lexer.DLanguageLexerTest" time="0.003"/>
  <testcase name="testkeyword_alias" classname="net.masterthought.dlanguage.lexer.DLanguageLexerTest" time="0.003"/>
  <testcase name="testkeyword_align" classname="net.masterthought.dlanguage.lexer.DLanguageLexerTest" time="0.001"/>
  <testcase name="testkeyword_break" classname="net.masterthought.dlanguage.lexer.DLanguageLexerTest" time="0.002"/>
  <testcase name="testkeyword_catch" classname="net.masterthought.dlanguage.lexer.DLanguageLexerTest" time="0.002"/>
  <testcase name="testkeyword_class" classname="net.masterthought.dlanguage.lexer.DLanguageLexerTest" time="0.002"/>
  <testcase name="testkeyword_const" classname="net.masterthought.dlanguage.lexer.DLanguageLexerTest" time="0.002"/>
  <testcase name="testkeyword_debug" classname="net.masterthought.dlanguage.lexer.DLanguageLexerTest" time="0.002"/>
  <testcase name="testkeyword_false" classname="net.masterthought.dlanguage.lexer.DLanguageLexerTest" time="0.002"/>
  <testcase name="testkeyword_final" classname="net.masterthought.dlanguage.lexer.DLanguageLexerTest" time="0.002"/>
  <testcase name="testkeyword_inout" classname="net.masterthought.dlanguage.lexer.DLanguageLexerTest" time="0.002"/>
  <testcase name="testkeyword_macro" classname="net.masterthought.dlanguage.lexer.DLanguageLexerTest" time="0.002"/>
  <testcase name="testkeyword_mixin" classname="net.masterthought.dlanguage.lexer.DLanguageLexerTest" time="0.002"/>
  <testcase name="testkeyword_scope" classname="net.masterthought.dlanguage.lexer.DLanguageLexerTest" time="0.002"/>
  <testcase name="testkeyword_finally" classname="net.masterthought.dlanguage.lexer.DLanguageLexerTest" time="0.003"/>
  <testcase name="testkeyword_typedef" classname="net.masterthought.dlanguage.lexer.DLanguageLexerTest" time="0.003"/>
  <testcase name="testkeyword_super" classname="net.masterthought.dlanguage.lexer.DLanguageLexerTest" time="0.002"/>
  <testcase name="testkeyword_throw" classname="net.masterthought.dlanguage.lexer.DLanguageLexerTest" time="0.002"/>
  <testcase name="testkeyword_union" classname="net.masterthought.dlanguage.lexer.DLanguageLexerTest" time="0.002"/>
  <testcase name="testkeyword_while" classname="net.masterthought.dlanguage.lexer.DLanguageLexerTest" time="0.002"/>
  <testcase name="testkeyword_abstract" classname="net.masterthought.dlanguage.lexer.DLanguageLexerTest" time="0.001"/>
  <testcase name="testkeyword_foreach_reverse" classname="net.masterthought.dlanguage.lexer.DLanguageLexerTest" time="0.004"/>
  <testcase name="testkeyword_foreach" classname="net.masterthought.dlanguage.lexer.DLanguageLexerTest" time="0.002"/>
  <testcase name="testkeyword_auto" classname="net.masterthought.dlanguage.lexer.DLanguageLexerTest" time="0.002"/>
  <testcase name="testkeyword_body" classname="net.masterthought.dlanguage.lexer.DLanguageLexerTest" time="0.002"/>
  <testcase name="testkeyword_case" classname="net.masterthought.dlanguage.lexer.DLanguageLexerTest" time="0.002"/>
  <testcase name="testkeyword_cast" classname="net.masterthought.dlanguage.lexer.DLanguageLexerTest" time="0.001"/>
  <testcase name="testkeyword_else" classname="net.masterthought.dlanguage.lexer.DLanguageLexerTest" time="0.002"/>
  <testcase name="testkeyword_enum" classname="net.masterthought.dlanguage.lexer.DLanguageLexerTest" time="0.001"/>
  <testcase name="testkeyword_goto" classname="net.masterthought.dlanguage.lexer.DLanguageLexerTest" time="0.003"/>
  <testcase name="testkeyword_lazy" classname="net.masterthought.dlanguage.lexer.DLanguageLexerTest" time="0.002"/>
  <testcase name="testkeyword_null" classname="net.masterthought.dlanguage.lexer.DLanguageLexerTest" time="0.002"/>
  <testcase name="testkeyword_pure" classname="net.masterthought.dlanguage.lexer.DLanguageLexerTest" time="0.003"/>
  <testcase name="testkeyword_this" classname="net.masterthought.dlanguage.lexer.DLanguageLexerTest" time="0.002"/>
  <testcase name="testkeyword_true" classname="net.masterthought.dlanguage.lexer.DLanguageLexerTest" time="0.001"/>
  <testcase name="testkeyword_with" classname="net.masterthought.dlanguage.lexer.DLanguageLexerTest" time="0.001"/>
  <testcase name="testtokens_not_equal" classname="net.masterthought.dlanguage.lexer.DLanguageLexerTest" time="0.002"/>
  <testcase name="testkeyword___timestamp__" classname="net.masterthought.dlanguage.lexer.DLanguageLexerTest" time="0.003"/>
  <testcase name="testkeyword_invariant" classname="net.masterthought.dlanguage.lexer.DLanguageLexerTest" time="0.002"/>
  <testcase name="testtokens_greater_equal" classname="net.masterthought.dlanguage.lexer.DLanguageLexerTest" time="0.002"/>
  <testcase name="testtokens_colon" classname="net.masterthought.dlanguage.lexer.DLanguageLexerTest" time="0.004"/>
  <testcase name="testtokens_comma" classname="net.masterthought.dlanguage.lexer.DLanguageLexerTest" time="0.001"/>
  <testcase name="testtokens_minus" classname="net.masterthought.dlanguage.lexer.DLanguageLexerTest" time="0.002"/>
  <testcase name="testtokens_and_assign" classname="net.masterthought.dlanguage.lexer.DLanguageLexerTest" time="0.002"/>
  <testcase name="testtokens_unordered_e" classname="net.masterthought.dlanguage.lexer.DLanguageLexerTest" time="0.003"/>
  <testcase name="testtokens_unordered_g" classname="net.masterthought.dlanguage.lexer.DLanguageLexerTest" time="0.001"/>
  <testcase name="testtokens_unordered_l" classname="net.masterthought.dlanguage.lexer.DLanguageLexerTest" time="0.002"/>
  <testcase name="testtokens_plus_assign" classname="net.masterthought.dlanguage.lexer.DLanguageLexerTest" time="0.001"/>
  <testcase name="testtokens_open_brace" classname="net.masterthought.dlanguage.lexer.DLanguageLexerTest" time="0.002"/>
  <testcase name="testkeyword___version__" classname="net.masterthought.dlanguage.lexer.DLanguageLexerTest" time="0.001"/>
  <testcase name="testtokens_assign" classname="net.masterthought.dlanguage.lexer.DLanguageLexerTest" time="0.002"/>
  <testcase name="testtokens_mod_assign" classname="net.masterthought.dlanguage.lexer.DLanguageLexerTest" time="0.002"/>
  <testcase name="testtokens_double_dot" classname="net.masterthought.dlanguage.lexer.DLanguageLexerTest" time="0.002"/>
  <testcase name="testkeyword_volatile" classname="net.masterthought.dlanguage.lexer.DLanguageLexerTest" time="0.002"/>
  <testcase name="testtokens_open_parens" classname="net.masterthought.dlanguage.lexer.DLanguageLexerTest" time="0.006"/>
  <testcase name="testtokens_mult_assign" classname="net.masterthought.dlanguage.lexer.DLanguageLexerTest" time="0.02"/>
  <testcase name="testtokens_concat" classname="net.masterthought.dlanguage.lexer.DLanguageLexerTest" time="0.007"/>
  <testcase name="testtokens_less_greater" classname="net.masterthought.dlanguage.lexer.DLanguageLexerTest" time="0.005"/>
  <testcase name="testtokens_dollar" classname="net.masterthought.dlanguage.lexer.DLanguageLexerTest" time="0.002"/>
  <testcase name="testtokens_equals" classname="net.masterthought.dlanguage.lexer.DLanguageLexerTest" time="0.003"/>
  <testcase name="testtokens_triple_dot" classname="net.masterthought.dlanguage.lexer.DLanguageLexerTest" time="0.002"/>
  <testcase name="testtokens_right_shift" classname="net.masterthought.dlanguage.lexer.DLanguageLexerTest" time="0.002"/>
  <testcase name="teststring_hex" classname="net.masterthought.dlanguage.lexer.DLanguageLexerTest" time="0.001"/>
  <testcase name="testtokens_lambda" classname="net.masterthought.dlanguage.lexer.DLanguageLexerTest" time="0.002"/>
  <testcase name="testkeyword___gshared" classname="net.masterthought.dlanguage.lexer.DLanguageLexerTest" time="0.001"/>
  <testcase name="testtokens_question" classname="net.masterthought.dlanguage.lexer.DLanguageLexerTest" time="0.002"/>
  <testcase name="testkeyword_version" classname="net.masterthought.dlanguage.lexer.DLanguageLexerTest" time="0.002"/>
  <testcase name="testtokens_minus_assign" classname="net.masterthought.dlanguage.lexer.DLanguageLexerTest" time="0.001"/>
  <testcase name="testshebang_line" classname="net.masterthought.dlanguage.lexer.DLanguageLexerTest" time="0.002"/>
  <testcase name="testinteger_octal" classname="net.masterthought.dlanguage.lexer.DLanguageLexerTest" time="0.001"/>
  <testcase name="testkeyword_template" classname="net.masterthought.dlanguage.lexer.DLanguageLexerTest" time="0.003"/>
  <testcase name="testtokens_close_brace" classname="net.masterthought.dlanguage.lexer.DLanguageLexerTest" time="0.002"/>
  <testcase name="testkeyword_assert" classname="net.masterthought.dlanguage.lexer.DLanguageLexerTest" time="0.002"/>
  <testcase name="testtokens_logical_and" classname="net.masterthought.dlanguage.lexer.DLanguageLexerTest" time="0.002"/>
  <testcase name="testkeyword___vendor__" classname="net.masterthought.dlanguage.lexer.DLanguageLexerTest" time="0.002"/>
  <testcase name="testtokens_xor_assign" classname="net.masterthought.dlanguage.lexer.DLanguageLexerTest" time="0.002"/>
  <testcase name="testkeyword_delete" classname="net.masterthought.dlanguage.lexer.DLanguageLexerTest" time="0.002"/>
  <testcase name="testkeyword_extern" classname="net.masterthought.dlanguage.lexer.DLanguageLexerTest" time="0.001"/>
  <testcase name="testtokens_left_shift_assign" classname="net.masterthought.dlanguage.lexer.DLanguageLexerTest" time="0.002"/>
  <testcase name="testkeyword_asm" classname="net.masterthought.dlanguage.lexer.DLanguageLexerTest" time="0.001"/>
  <testcase name="testkeyword_for" classname="net.masterthought.dlanguage.lexer.DLanguageLexerTest" time="0.001"/>
  <testcase name="testkeyword_new" classname="net.masterthought.dlanguage.lexer.DLanguageLexerTest" time="0.001"/>
  <testcase name="testkeyword_out" classname="net.masterthought.dlanguage.lexer.DLanguageLexerTest" time="0.002"/>
  <testcase name="testkeyword_ref" classname="net.masterthought.dlanguage.lexer.DLanguageLexerTest" time="0.002"/>
  <testcase name="testkeyword_try" classname="net.masterthought.dlanguage.lexer.DLanguageLexerTest" time="0.002"/>
  <testcase name="testtokens_increment" classname="net.masterthought.dlanguage.lexer.DLanguageLexerTest" time="0.001"/>
  <testcase name="testtokens_open_bracket" classname="net.masterthought.dlanguage.lexer.DLanguageLexerTest" time="0.002"/>
  <testcase name="testkeyword_import" classname="net.masterthought.dlanguage.lexer.DLanguageLexerTest" time="0.002"/>
  <testcase name="testkeyword_synchronized" classname="net.masterthought.dlanguage.lexer.DLanguageLexerTest" time="0.002"/>
  <testcase name="testtokens_div_assign" classname="net.masterthought.dlanguage.lexer.DLanguageLexerTest" time="0.002"/>
  <testcase name="testfloat_hex" classname="net.masterthought.dlanguage.lexer.DLanguageLexerTest" time="0.002"/>
  <testcase name="testkeyword_module" classname="net.masterthought.dlanguage.lexer.DLanguageLexerTest" time="0.002"/>
  <testcase name="testtokens_triple_rshift" classname="net.masterthought.dlanguage.lexer.DLanguageLexerTest" time="0.002"/>
  <testcase name="testkeyword_pragma" classname="net.masterthought.dlanguage.lexer.DLanguageLexerTest" time="0.002"/>
  <testcase name="testkeyword_return" classname="net.masterthought.dlanguage.lexer.DLanguageLexerTest" time="0.002"/>
  <testcase name="testkeyword_shared" classname="net.masterthought.dlanguage.lexer.DLanguageLexerTest" time="0.002"/>
  <testcase name="testkeyword_static" classname="net.masterthought.dlanguage.lexer.DLanguageLexerTest" time="0.002"/>
  <testcase name="testkeyword_struct" classname="net.masterthought.dlanguage.lexer.DLanguageLexerTest" time="0.002"/>
  <testcase name="testkeyword_switch" classname="net.masterthought.dlanguage.lexer.DLanguageLexerTest" time="0.002"/>
  <testcase name="testkeyword_typeid" classname="net.masterthought.dlanguage.lexer.DLanguageLexerTest" time="0.002"/>
  <testcase name="testkeyword_typeof" classname="net.masterthought.dlanguage.lexer.DLanguageLexerTest" time="0.003"/>
  <testcase name="testkeyword_continue" classname="net.masterthought.dlanguage.lexer.DLanguageLexerTest" time="0.003"/>
  <testcase name="testkeyword___date__" classname="net.masterthought.dlanguage.lexer.DLanguageLexerTest" time="0.002"/>
  <testcase name="testkeyword___file__" classname="net.masterthought.dlanguage.lexer.DLanguageLexerTest" time="0.002"/>
  <testcase name="testtokens_logical_or" classname="net.masterthought.dlanguage.lexer.DLanguageLexerTest" time="0.002"/>
  <testcase name="teststring_delim" classname="net.masterthought.dlanguage.lexer.DLanguageLexerTest" time="0.001"/>
  <testcase name="testtokens_semicolon" classname="net.masterthought.dlanguage.lexer.DLanguageLexerTest" time="0.001"/>
  <testcase name="teststring_tokens" classname="net.masterthought.dlanguage.lexer.DLanguageLexerTest" time="0.001"/>
  <testcase name="testtokens_plus" classname="net.masterthought.dlanguage.lexer.DLanguageLexerTest" time="0.001"/>
  <testcase name="testtokens_star" classname="net.masterthought.dlanguage.lexer.DLanguageLexerTest" time="0.001"/>
  <testcase name="testkeyword___line__" classname="net.masterthought.dlanguage.lexer.DLanguageLexerTest" time="0.002"/>
  <testcase name="testtokens_or_assign" classname="net.masterthought.dlanguage.lexer.DLanguageLexerTest" time="0.001"/>
  <testcase name="testkeyword_unittest" classname="net.masterthought.dlanguage.lexer.DLanguageLexerTest" time="0.001"/>
  <testcase name="testkeyword_default" classname="net.masterthought.dlanguage.lexer.DLanguageLexerTest" time="0.002"/>
  <testcase name="testtokens_left_shift" classname="net.masterthought.dlanguage.lexer.DLanguageLexerTest" time="0.002"/>
  <testcase name="testkeyword___thread" classname="net.masterthought.dlanguage.lexer.DLanguageLexerTest" time="0.001"/>
  <testcase name="testkeyword___time__" classname="net.masterthought.dlanguage.lexer.DLanguageLexerTest" time="0.002"/>
  <testcase name="testkeyword___traits" classname="net.masterthought.dlanguage.lexer.DLanguageLexerTest" time="0.001"/>
  <testcase name="testcomment_line" classname="net.masterthought.dlanguage.lexer.DLanguageLexerTest" time="0.001"/>
  <testcase name="testkeyword___vector" classname="net.masterthought.dlanguage.lexer.DLanguageLexerTest" time="0.001"/>
  <testcase name="testtokens_and" classname="net.masterthought.dlanguage.lexer.DLanguageLexerTest" time="0.002"/>
  <testcase name="testtokens_div" classname="net.masterthought.dlanguage.lexer.DLanguageLexerTest" time="0.001"/>
  <testcase name="testtokens_dot" classname="net.masterthought.dlanguage.lexer.DLanguageLexerTest" time="0.001"/>
  <testcase name="testtokens_mod" classname="net.masterthought.dlanguage.lexer.DLanguageLexerTest" time="0.002"/>
  <testcase name="testtokens_not" classname="net.masterthought.dlanguage.lexer.DLanguageLexerTest" time="0.001"/>
  <testcase name="testtokens_pow" classname="net.masterthought.dlanguage.lexer.DLanguageLexerTest" time="0.001"/>
  <testcase name="testtokens_xor" classname="net.masterthought.dlanguage.lexer.DLanguageLexerTest" time="0.001"/>
  <testcase name="testtokens_concat_assign" classname="net.masterthought.dlanguage.lexer.DLanguageLexerTest" time="0.002"/>
  <testcase name="testtokens_less_equal" classname="net.masterthought.dlanguage.lexer.DLanguageLexerTest" time="0.002"/>
  <testcase name="testkeyword_do" classname="net.masterthought.dlanguage.lexer.DLanguageLexerTest" time="0.001"/>
  <testcase name="testkeyword_if" classname="net.masterthought.dlanguage.lexer.DLanguageLexerTest" time="0.002"/>
  <testcase name="testkeyword_in" classname="net.masterthought.dlanguage.lexer.DLanguageLexerTest" time="0.002"/>
  <testcase name="testkeyword_is" classname="net.masterthought.dlanguage.lexer.DLanguageLexerTest" time="0.002"/>
  <testcase name="testinteger_decimal" classname="net.masterthought.dlanguage.lexer.DLanguageLexerTest" time="0.002"/>
  <testcase name="testkeyword___pretty_function__" classname="net.masterthought.dlanguage.lexer.DLanguageLexerTest" time="0.003"/>
  <testcase name="testkeyword_nothrow" classname="net.masterthought.dlanguage.lexer.DLanguageLexerTest" time="0.003"/>
  <testcase name="testkeyword___module__" classname="net.masterthought.dlanguage.lexer.DLanguageLexerTest" time="0.003"/>
  <system-out><![CDATA[]]></system-out>
  <system-err><![CDATA[]]></system-err>
</testsuite>
